# JRE version: OpenJDK Runtime Environment (21.0.8) (build 21.0.8+-14018985-b1038.68)
# Java VM: OpenJDK 64-Bit Server VM (21.0.8+-14018985-b1038.68, mixed mode, tiered, compressed oops, compressed class ptrs, g1 gc, windows-amd64)
GC Precious Log:
 CardTable entry size: 512
 Card Set container configuration: InlinePtr #cards 4 size 8 Array Of Cards #cards 16 size 48 Howl #buckets 8 coarsen threshold 3686 Howl Bitmap #cards 512 size 80 coarsen threshold 460 Card regions per heap region 1 cards per card region 4096
 CPUs: 8 total, 8 available
 Memory: 16153M
 Large Page Support: Disabled
 NUMA Support: Disabled
 Compressed Oops: Enabled (Zero based)
 Heap Region Size: 2M
 Heap Min Capacity: 8M
 Heap Initial Capacity: 254M
 Heap Max Capacity: 4040M
 Pre-touch: Disabled
 Parallel Workers: 8
 Concurrent Workers: 2
 Concurrent Refinement Workers: 8
 Periodic GC: Disabled
Heap:
 garbage-first heap   total 559104K, used 388867K [0x0000000703800000, 0x0000000800000000)
  region size 2048K, 10 young (20480K), 10 survivors (20480K)
 Metaspace       used 89189K, committed 89536K, reserved 1179648K
  class space    used 9276K, committed 9472K, reserved 1048576K
GC Heap History (20 events):
Event: 14.095 GC heap after
{Heap after GC invocations=32 (full 0):
 garbage-first heap   total 397312K, used 244168K [0x0000000703800000, 0x0000000800000000)
  region size 2048K, 5 young (10240K), 5 survivors (10240K)
 Metaspace       used 69802K, committed 70080K, reserved 1114112K
  class space    used 7798K, committed 7936K, reserved 1048576K
}
Event: 14.654 GC heap before
{Heap before GC invocations=32 (full 0):
 garbage-first heap   total 397312K, used 360904K [0x0000000703800000, 0x0000000800000000)
  region size 2048K, 62 young (126976K), 5 survivors (10240K)
 Metaspace       used 69962K, committed 70208K, reserved 1114112K
  class space    used 7808K, committed 7936K, reserved 1048576K
}
Event: 14.661 GC heap after
{Heap after GC invocations=33 (full 0):
 garbage-first heap   total 397312K, used 248982K [0x0000000703800000, 0x0000000800000000)
  region size 2048K, 4 young (8192K), 4 survivors (8192K)
 Metaspace       used 69962K, committed 70208K, reserved 1114112K
  class space    used 7808K, committed 7936K, reserved 1048576K
}
Event: 15.201 GC heap before
{Heap before GC invocations=33 (full 0):
 garbage-first heap   total 397312K, used 363670K [0x0000000703800000, 0x0000000800000000)
  region size 2048K, 60 young (122880K), 4 survivors (8192K)
 Metaspace       used 70143K, committed 70464K, reserved 1114112K
  class space    used 7812K, committed 7936K, reserved 1048576K
}
Event: 15.207 GC heap after
{Heap after GC invocations=34 (full 0):
 garbage-first heap   total 397312K, used 257467K [0x0000000703800000, 0x0000000800000000)
  region size 2048K, 8 young (16384K), 8 survivors (16384K)
 Metaspace       used 70143K, committed 70464K, reserved 1114112K
  class space    used 7812K, committed 7936K, reserved 1048576K
}
Event: 15.715 GC heap before
{Heap before GC invocations=35 (full 0):
 garbage-first heap   total 430080K, used 357819K [0x0000000703800000, 0x0000000800000000)
  region size 2048K, 57 young (116736K), 8 survivors (16384K)
 Metaspace       used 70338K, committed 70656K, reserved 1114112K
  class space    used 7816K, committed 7936K, reserved 1048576K
}
Event: 15.723 GC heap after
{Heap after GC invocations=36 (full 0):
 garbage-first heap   total 430080K, used 263251K [0x0000000703800000, 0x0000000800000000)
  region size 2048K, 7 young (14336K), 7 survivors (14336K)
 Metaspace       used 70338K, committed 70656K, reserved 1114112K
  class space    used 7816K, committed 7936K, reserved 1048576K
}
Event: 16.147 GC heap before
{Heap before GC invocations=36 (full 0):
 garbage-first heap   total 430080K, used 392275K [0x0000000703800000, 0x0000000800000000)
  region size 2048K, 70 young (143360K), 7 survivors (14336K)
 Metaspace       used 70393K, committed 70720K, reserved 1114112K
  class space    used 7817K, committed 7936K, reserved 1048576K
}
Event: 16.157 GC heap after
{Heap after GC invocations=37 (full 0):
 garbage-first heap   total 430080K, used 266895K [0x0000000703800000, 0x0000000800000000)
  region size 2048K, 6 young (12288K), 6 survivors (12288K)
 Metaspace       used 70393K, committed 70720K, reserved 1114112K
  class space    used 7817K, committed 7936K, reserved 1048576K
}
Event: 17.427 GC heap before
{Heap before GC invocations=37 (full 0):
 garbage-first heap   total 430080K, used 393871K [0x0000000703800000, 0x0000000800000000)
  region size 2048K, 68 young (139264K), 6 survivors (12288K)
 Metaspace       used 74695K, committed 75008K, reserved 1179648K
  class space    used 8137K, committed 8256K, reserved 1048576K
}
Event: 17.435 GC heap after
{Heap after GC invocations=38 (full 0):
 garbage-first heap   total 430080K, used 274059K [0x0000000703800000, 0x0000000800000000)
  region size 2048K, 6 young (12288K), 6 survivors (12288K)
 Metaspace       used 74695K, committed 75008K, reserved 1179648K
  class space    used 8137K, committed 8256K, reserved 1048576K
}
Event: 18.403 GC heap before
{Heap before GC invocations=39 (full 0):
 garbage-first heap   total 458752K, used 392843K [0x0000000703800000, 0x0000000800000000)
  region size 2048K, 64 young (131072K), 6 survivors (12288K)
 Metaspace       used 75142K, committed 75392K, reserved 1179648K
  class space    used 8154K, committed 8256K, reserved 1048576K
}
Event: 18.409 GC heap after
{Heap after GC invocations=40 (full 0):
 garbage-first heap   total 458752K, used 276107K [0x0000000703800000, 0x0000000800000000)
  region size 2048K, 4 young (8192K), 4 survivors (8192K)
 Metaspace       used 75142K, committed 75392K, reserved 1179648K
  class space    used 8154K, committed 8256K, reserved 1048576K
}
Event: 19.543 GC heap before
{Heap before GC invocations=40 (full 0):
 garbage-first heap   total 458752K, used 425611K [0x0000000703800000, 0x0000000800000000)
  region size 2048K, 77 young (157696K), 4 survivors (8192K)
 Metaspace       used 81633K, committed 81984K, reserved 1179648K
  class space    used 8732K, committed 8896K, reserved 1048576K
}
Event: 19.557 GC heap after
{Heap after GC invocations=41 (full 0):
 garbage-first heap   total 460800K, used 296590K [0x0000000703800000, 0x0000000800000000)
  region size 2048K, 10 young (20480K), 10 survivors (20480K)
 Metaspace       used 81633K, committed 81984K, reserved 1179648K
  class space    used 8732K, committed 8896K, reserved 1048576K
}
Event: 20.383 GC heap before
{Heap before GC invocations=41 (full 0):
 garbage-first heap   total 460800K, used 415374K [0x0000000703800000, 0x0000000800000000)
  region size 2048K, 68 young (139264K), 10 survivors (20480K)
 Metaspace       used 85821K, committed 86144K, reserved 1179648K
  class space    used 8980K, committed 9152K, reserved 1048576K
}
Event: 20.402 GC heap after
{Heap after GC invocations=42 (full 0):
 garbage-first heap   total 460800K, used 317440K [0x0000000703800000, 0x0000000800000000)
  region size 2048K, 9 young (18432K), 9 survivors (18432K)
 Metaspace       used 85821K, committed 86144K, reserved 1179648K
  class space    used 8980K, committed 9152K, reserved 1048576K
}
Event: 21.019 GC heap before
{Heap before GC invocations=43 (full 0):
 garbage-first heap   total 530432K, used 413696K [0x0000000703800000, 0x0000000800000000)
  region size 2048K, 56 young (114688K), 9 survivors (18432K)
 Metaspace       used 87783K, committed 88128K, reserved 1179648K
  class space    used 9136K, committed 9344K, reserved 1048576K
}
Event: 21.028 GC heap after
{Heap after GC invocations=44 (full 0):
 garbage-first heap   total 530432K, used 326303K [0x0000000703800000, 0x0000000800000000)
  region size 2048K, 4 young (8192K), 4 survivors (8192K)
 Metaspace       used 87783K, committed 88128K, reserved 1179648K
  class space    used 9136K, committed 9344K, reserved 1048576K
}
Event: 21.851 GC heap before
{Heap before GC invocations=44 (full 0):
 garbage-first heap   total 530432K, used 481951K [0x0000000703800000, 0x0000000800000000)
  region size 2048K, 80 young (163840K), 4 survivors (8192K)
 Metaspace       used 89189K, committed 89536K, reserved 1179648K
  class space    used 9276K, committed 9472K, reserved 1048576K
}

