# JRE version: OpenJDK Runtime Environment (21.0.8) (build 21.0.8+-14018985-b1038.68)
# Java VM: OpenJDK 64-Bit Server VM (21.0.8+-14018985-b1038.68, mixed mode, tiered, compressed oops, compressed class ptrs, g1 gc, windows-amd64)
GC Precious Log:
 CardTable entry size: 512
 Card Set container configuration: InlinePtr #cards 4 size 8 Array Of Cards #cards 16 size 48 Howl #buckets 8 coarsen threshold 3686 Howl Bitmap #cards 512 size 80 coarsen threshold 460 Card regions per heap region 1 cards per card region 4096
 CPUs: 8 total, 8 available
 Memory: 16153M
 Large Page Support: Disabled
 NUMA Support: Disabled
 Compressed Oops: Enabled (Zero based)
 Heap Region Size: 2M
 Heap Min Capacity: 8M
 Heap Initial Capacity: 254M
 Heap Max Capacity: 4040M
 Pre-touch: Disabled
 Parallel Workers: 8
 Concurrent Workers: 2
 Concurrent Refinement Workers: 8
 Periodic GC: Disabled
Heap:
 garbage-first heap   total 690176K, used 444771K [0x0000000703800000, 0x0000000800000000)
  region size 2048K, 21 young (43008K), 11 survivors (22528K)
 Metaspace       used 101441K, committed 101760K, reserved 1179648K
  class space    used 10229K, committed 10368K, reserved 1048576K
GC Heap History (20 events):
Event: 18.668 GC heap before
{Heap before GC invocations=33 (full 0):
 garbage-first heap   total 487424K, used 440071K [0x0000000703800000, 0x0000000800000000)
  region size 2048K, 91 young (186368K), 10 survivors (20480K)
 Metaspace       used 74937K, committed 75200K, reserved 1179648K
  class space    used 8150K, committed 8256K, reserved 1048576K
}
Event: 18.681 GC heap after
{Heap after GC invocations=34 (full 0):
 garbage-first heap   total 487424K, used 277332K [0x0000000703800000, 0x0000000800000000)
  region size 2048K, 8 young (16384K), 8 survivors (16384K)
 Metaspace       used 74937K, committed 75200K, reserved 1179648K
  class space    used 8150K, committed 8256K, reserved 1048576K
}
Event: 19.829 GC heap before
{Heap before GC invocations=34 (full 0):
 garbage-first heap   total 487424K, used 441172K [0x0000000703800000, 0x0000000800000000)
  region size 2048K, 88 young (180224K), 8 survivors (16384K)
 Metaspace       used 78938K, committed 79232K, reserved 1179648K
  class space    used 8475K, committed 8576K, reserved 1048576K
}
Event: 19.841 GC heap after
{Heap after GC invocations=35 (full 0):
 garbage-first heap   total 487424K, used 288768K [0x0000000703800000, 0x0000000800000000)
  region size 2048K, 9 young (18432K), 9 survivors (18432K)
 Metaspace       used 78938K, committed 79232K, reserved 1179648K
  class space    used 8475K, committed 8576K, reserved 1048576K
}
Event: 22.365 GC heap before
{Heap before GC invocations=36 (full 0):
 garbage-first heap   total 487424K, used 442368K [0x0000000703800000, 0x0000000800000000)
  region size 2048K, 84 young (172032K), 9 survivors (18432K)
 Metaspace       used 85143K, committed 85504K, reserved 1179648K
  class space    used 8959K, committed 9152K, reserved 1048576K
}
Event: 22.386 GC heap after
{Heap after GC invocations=37 (full 0):
 garbage-first heap   total 491520K, used 319097K [0x0000000703800000, 0x0000000800000000)
  region size 2048K, 11 young (22528K), 11 survivors (22528K)
 Metaspace       used 85143K, committed 85504K, reserved 1179648K
  class space    used 8959K, committed 9152K, reserved 1048576K
}
Event: 23.134 GC heap before
{Heap before GC invocations=37 (full 0):
 garbage-first heap   total 491520K, used 444025K [0x0000000703800000, 0x0000000800000000)
  region size 2048K, 72 young (147456K), 11 survivors (22528K)
 Metaspace       used 88466K, committed 88832K, reserved 1179648K
  class space    used 9230K, committed 9408K, reserved 1048576K
}
Event: 23.149 GC heap after
{Heap after GC invocations=38 (full 0):
 garbage-first heap   total 491520K, used 329229K [0x0000000703800000, 0x0000000800000000)
  region size 2048K, 5 young (10240K), 5 survivors (10240K)
 Metaspace       used 88466K, committed 88832K, reserved 1179648K
  class space    used 9230K, committed 9408K, reserved 1048576K
}
Event: 23.444 GC heap before
{Heap before GC invocations=38 (full 0):
 garbage-first heap   total 491520K, used 380429K [0x0000000703800000, 0x0000000800000000)
  region size 2048K, 31 young (63488K), 5 survivors (10240K)
 Metaspace       used 88813K, committed 89152K, reserved 1179648K
  class space    used 9245K, committed 9408K, reserved 1048576K
}
Event: 23.453 GC heap after
{Heap after GC invocations=39 (full 0):
 garbage-first heap   total 491520K, used 343285K [0x0000000703800000, 0x0000000800000000)
  region size 2048K, 9 young (18432K), 9 survivors (18432K)
 Metaspace       used 88813K, committed 89152K, reserved 1179648K
  class space    used 9245K, committed 9408K, reserved 1048576K
}
Event: 24.037 GC heap before
{Heap before GC invocations=40 (full 0):
 garbage-first heap   total 573440K, used 443637K [0x0000000703800000, 0x0000000800000000)
  region size 2048K, 58 young (118784K), 9 survivors (18432K)
 Metaspace       used 89410K, committed 89728K, reserved 1179648K
  class space    used 9309K, committed 9472K, reserved 1048576K
}
Event: 24.063 GC heap after
{Heap after GC invocations=41 (full 0):
 garbage-first heap   total 573440K, used 394980K [0x0000000703800000, 0x0000000800000000)
  region size 2048K, 8 young (16384K), 8 survivors (16384K)
 Metaspace       used 89410K, committed 89728K, reserved 1179648K
  class space    used 9309K, committed 9472K, reserved 1048576K
}
Event: 24.573 GC heap before
{Heap before GC invocations=41 (full 0):
 garbage-first heap   total 573440K, used 495332K [0x0000000703800000, 0x0000000800000000)
  region size 2048K, 57 young (116736K), 8 survivors (16384K)
 Metaspace       used 90398K, committed 90752K, reserved 1179648K
  class space    used 9373K, committed 9536K, reserved 1048576K
}
Event: 24.587 GC heap after
{Heap after GC invocations=42 (full 0):
 garbage-first heap   total 573440K, used 405895K [0x0000000703800000, 0x0000000800000000)
  region size 2048K, 6 young (12288K), 6 survivors (12288K)
 Metaspace       used 90398K, committed 90752K, reserved 1179648K
  class space    used 9373K, committed 9536K, reserved 1048576K
}
Event: 25.145 GC heap before
{Heap before GC invocations=42 (full 0):
 garbage-first heap   total 573440K, used 506247K [0x0000000703800000, 0x0000000800000000)
  region size 2048K, 55 young (112640K), 6 survivors (12288K)
 Metaspace       used 93482K, committed 93888K, reserved 1179648K
  class space    used 9675K, committed 9856K, reserved 1048576K
}
Event: 25.153 GC heap after
{Heap after GC invocations=43 (full 0):
 garbage-first heap   total 573440K, used 413349K [0x0000000703800000, 0x0000000800000000)
  region size 2048K, 4 young (8192K), 4 survivors (8192K)
 Metaspace       used 93482K, committed 93888K, reserved 1179648K
  class space    used 9675K, committed 9856K, reserved 1048576K
}
Event: 26.233 GC heap before
{Heap before GC invocations=44 (full 0):
 garbage-first heap   total 690176K, used 513701K [0x0000000703800000, 0x0000000800000000)
  region size 2048K, 54 young (110592K), 4 survivors (8192K)
 Metaspace       used 99485K, committed 99840K, reserved 1179648K
  class space    used 10165K, committed 10304K, reserved 1048576K
}
Event: 26.241 GC heap after
{Heap after GC invocations=45 (full 0):
 garbage-first heap   total 690176K, used 415632K [0x0000000703800000, 0x0000000800000000)
  region size 2048K, 6 young (12288K), 6 survivors (12288K)
 Metaspace       used 99485K, committed 99840K, reserved 1179648K
  class space    used 10165K, committed 10304K, reserved 1048576K
}
Event: 27.483 GC heap before
{Heap before GC invocations=45 (full 0):
 garbage-first heap   total 690176K, used 520080K [0x0000000703800000, 0x0000000800000000)
  region size 2048K, 58 young (118784K), 6 survivors (12288K)
 Metaspace       used 101086K, committed 101440K, reserved 1179648K
  class space    used 10196K, committed 10368K, reserved 1048576K
}
Event: 27.493 GC heap after
{Heap after GC invocations=46 (full 0):
 garbage-first heap   total 690176K, used 426339K [0x0000000703800000, 0x0000000800000000)
  region size 2048K, 11 young (22528K), 11 survivors (22528K)
 Metaspace       used 101086K, committed 101440K, reserved 1179648K
  class space    used 10196K, committed 10368K, reserved 1048576K
}

