# JRE version: OpenJDK Runtime Environment (21.0.8) (build 21.0.8+-14018985-b1038.68)
# Java VM: OpenJDK 64-Bit Server VM (21.0.8+-14018985-b1038.68, mixed mode, tiered, compressed oops, compressed class ptrs, g1 gc, windows-amd64)
GC Precious Log:
 CardTable entry size: 512
 Card Set container configuration: InlinePtr #cards 5 size 8 Array Of Cards #cards 12 size 40 Howl #buckets 4 coarsen threshold 1843 Howl Bitmap #cards 512 size 80 coarsen threshold 460 Card regions per heap region 1 cards per card region 2048
 CPUs: 8 total, 8 available
 Memory: 16153M
 Large Page Support: Disabled
 NUMA Support: Disabled
 Compressed Oops: Enabled (32-bit)
 Heap Region Size: 1M
 Heap Min Capacity: 8M
 Heap Initial Capacity: 254M
 Heap Max Capacity: 2G
 Pre-touch: Disabled
 Parallel Workers: 8
 Concurrent Workers: 2
 Concurrent Refinement Workers: 8
 Periodic GC: Disabled
Heap:
 garbage-first heap   total 100352K, used 64548K [0x0000000080000000, 0x0000000100000000)
  region size 1024K, 24 young (24576K), 5 survivors (5120K)
 Metaspace       used 68977K, committed 70592K, reserved 1114112K
  class space    used 9764K, committed 10560K, reserved 1048576K
GC Heap History (20 events):
Event: 2.082 GC heap before
{Heap before GC invocations=7 (full 0):
 garbage-first heap   total 68608K, used 48550K [0x0000000080000000, 0x0000000100000000)
  region size 1024K, 30 young (30720K), 4 survivors (4096K)
 Metaspace       used 35166K, committed 35968K, reserved 1114112K
  class space    used 4880K, committed 5248K, reserved 1048576K
}
Event: 2.084 GC heap after
{Heap after GC invocations=8 (full 0):
 garbage-first heap   total 68608K, used 25966K [0x0000000080000000, 0x0000000100000000)
  region size 1024K, 5 young (5120K), 5 survivors (5120K)
 Metaspace       used 35166K, committed 35968K, reserved 1114112K
  class space    used 4880K, committed 5248K, reserved 1048576K
}
Event: 2.411 GC heap before
{Heap before GC invocations=9 (full 0):
 garbage-first heap   total 68608K, used 56686K [0x0000000080000000, 0x0000000100000000)
  region size 1024K, 36 young (36864K), 5 survivors (5120K)
 Metaspace       used 41659K, committed 42560K, reserved 1114112K
  class space    used 5763K, committed 6208K, reserved 1048576K
}
Event: 2.415 GC heap after
{Heap after GC invocations=10 (full 0):
 garbage-first heap   total 68608K, used 29166K [0x0000000080000000, 0x0000000100000000)
  region size 1024K, 5 young (5120K), 5 survivors (5120K)
 Metaspace       used 41659K, committed 42560K, reserved 1114112K
  class space    used 5763K, committed 6208K, reserved 1048576K
}
Event: 2.577 GC heap before
{Heap before GC invocations=10 (full 0):
 garbage-first heap   total 68608K, used 58862K [0x0000000080000000, 0x0000000100000000)
  region size 1024K, 34 young (34816K), 5 survivors (5120K)
 Metaspace       used 43934K, committed 44800K, reserved 1114112K
  class space    used 6010K, committed 6400K, reserved 1048576K
}
Event: 2.581 GC heap after
{Heap after GC invocations=11 (full 0):
 garbage-first heap   total 82944K, used 32429K [0x0000000080000000, 0x0000000100000000)
  region size 1024K, 4 young (4096K), 4 survivors (4096K)
 Metaspace       used 43934K, committed 44800K, reserved 1114112K
  class space    used 6010K, committed 6400K, reserved 1048576K
}
Event: 2.921 GC heap before
{Heap before GC invocations=11 (full 0):
 garbage-first heap   total 82944K, used 74413K [0x0000000080000000, 0x0000000100000000)
  region size 1024K, 41 young (41984K), 4 survivors (4096K)
 Metaspace       used 48816K, committed 49856K, reserved 1114112K
  class space    used 6681K, committed 7168K, reserved 1048576K
}
Event: 2.923 GC heap after
{Heap after GC invocations=12 (full 0):
 garbage-first heap   total 82944K, used 34436K [0x0000000080000000, 0x0000000100000000)
  region size 1024K, 4 young (4096K), 4 survivors (4096K)
 Metaspace       used 48816K, committed 49856K, reserved 1114112K
  class space    used 6681K, committed 7168K, reserved 1048576K
}
Event: 3.169 GC heap before
{Heap before GC invocations=12 (full 0):
 garbage-first heap   total 82944K, used 70276K [0x0000000080000000, 0x0000000100000000)
  region size 1024K, 39 young (39936K), 4 survivors (4096K)
 Metaspace       used 53322K, committed 54720K, reserved 1114112K
  class space    used 7441K, committed 8128K, reserved 1048576K
}
Event: 3.172 GC heap after
{Heap after GC invocations=13 (full 0):
 garbage-first heap   total 82944K, used 36688K [0x0000000080000000, 0x0000000100000000)
  region size 1024K, 3 young (3072K), 3 survivors (3072K)
 Metaspace       used 53322K, committed 54720K, reserved 1114112K
  class space    used 7441K, committed 8128K, reserved 1048576K
}
Event: 3.480 GC heap before
{Heap before GC invocations=13 (full 0):
 garbage-first heap   total 82944K, used 71504K [0x0000000080000000, 0x0000000100000000)
  region size 1024K, 37 young (37888K), 3 survivors (3072K)
 Metaspace       used 56799K, committed 58240K, reserved 1114112K
  class space    used 7994K, committed 8704K, reserved 1048576K
}
Event: 3.483 GC heap after
{Heap after GC invocations=14 (full 0):
 garbage-first heap   total 82944K, used 41589K [0x0000000080000000, 0x0000000100000000)
  region size 1024K, 5 young (5120K), 5 survivors (5120K)
 Metaspace       used 56799K, committed 58240K, reserved 1114112K
  class space    used 7994K, committed 8704K, reserved 1048576K
}
Event: 3.487 GC heap before
{Heap before GC invocations=14 (full 0):
 garbage-first heap   total 82944K, used 41589K [0x0000000080000000, 0x0000000100000000)
  region size 1024K, 7 young (7168K), 5 survivors (5120K)
 Metaspace       used 56837K, committed 58304K, reserved 1114112K
  class space    used 8002K, committed 8704K, reserved 1048576K
}
Event: 3.488 GC heap after
{Heap after GC invocations=15 (full 0):
 garbage-first heap   total 82944K, used 43067K [0x0000000080000000, 0x0000000100000000)
  region size 1024K, 2 young (2048K), 2 survivors (2048K)
 Metaspace       used 56837K, committed 58304K, reserved 1114112K
  class space    used 8002K, committed 8704K, reserved 1048576K
}
Event: 3.592 GC heap before
{Heap before GC invocations=16 (full 0):
 garbage-first heap   total 82944K, used 75835K [0x0000000080000000, 0x0000000100000000)
  region size 1024K, 32 young (32768K), 2 survivors (2048K)
 Metaspace       used 58334K, committed 59840K, reserved 1114112K
  class space    used 8134K, committed 8832K, reserved 1048576K
}
Event: 3.593 GC heap after
{Heap after GC invocations=17 (full 0):
 garbage-first heap   total 82944K, used 43070K [0x0000000080000000, 0x0000000100000000)
  region size 1024K, 2 young (2048K), 2 survivors (2048K)
 Metaspace       used 58334K, committed 59840K, reserved 1114112K
  class space    used 8134K, committed 8832K, reserved 1048576K
}
Event: 3.784 GC heap before
{Heap before GC invocations=17 (full 0):
 garbage-first heap   total 82944K, used 73790K [0x0000000080000000, 0x0000000100000000)
  region size 1024K, 32 young (32768K), 2 survivors (2048K)
 Metaspace       used 62592K, committed 64128K, reserved 1114112K
  class space    used 8737K, committed 9472K, reserved 1048576K
}
Event: 3.786 GC heap after
{Heap after GC invocations=18 (full 0):
 garbage-first heap   total 82944K, used 43513K [0x0000000080000000, 0x0000000100000000)
  region size 1024K, 3 young (3072K), 3 survivors (3072K)
 Metaspace       used 62592K, committed 64128K, reserved 1114112K
  class space    used 8737K, committed 9472K, reserved 1048576K
}
Event: 4.023 GC heap before
{Heap before GC invocations=18 (full 0):
 garbage-first heap   total 82944K, used 74233K [0x0000000080000000, 0x0000000100000000)
  region size 1024K, 33 young (33792K), 3 survivors (3072K)
 Metaspace       used 66443K, committed 68032K, reserved 1114112K
  class space    used 9351K, committed 10112K, reserved 1048576K
}
Event: 4.025 GC heap after
{Heap after GC invocations=19 (full 0):
 garbage-first heap   total 100352K, used 46116K [0x0000000080000000, 0x0000000100000000)
  region size 1024K, 5 young (5120K), 5 survivors (5120K)
 Metaspace       used 66443K, committed 68032K, reserved 1114112K
  class space    used 9351K, committed 10112K, reserved 1048576K
}

